==> Building model..
==> Preparing data..
Files already downloaded and verified
Files already downloaded and verified
ResNet(
  (conv1): Conv2d(3, 64, kernel_size=(3, 3), stride=(1, 1), padding=(1, 1), bias=False)
  (bn1): BatchNorm2d(64, eps=1e-05, momentum=0.1, affine=True, track_running_stats=True)
  (residual_layers): ModuleList(
    (0): Sequential(
      (0): BasicBlock(
        (conv1): Conv2d(64, 64, kernel_size=(5, 5), stride=(1, 1), padding=(2, 2), bias=False)
        (bn1): BatchNorm2d(64, eps=1e-05, momentum=0.1, affine=True, track_running_stats=True)
        (conv2): Conv2d(64, 64, kernel_size=(5, 5), stride=(1, 1), padding=(2, 2), bias=False)
        (bn2): BatchNorm2d(64, eps=1e-05, momentum=0.1, affine=True, track_running_stats=True)
        (shortcut): Sequential()
      )
      (1): BasicBlock(
        (conv1): Conv2d(64, 64, kernel_size=(5, 5), stride=(1, 1), padding=(2, 2), bias=False)
        (bn1): BatchNorm2d(64, eps=1e-05, momentum=0.1, affine=True, track_running_stats=True)
        (conv2): Conv2d(64, 64, kernel_size=(5, 5), stride=(1, 1), padding=(2, 2), bias=False)
        (bn2): BatchNorm2d(64, eps=1e-05, momentum=0.1, affine=True, track_running_stats=True)
        (shortcut): Sequential()
      )
    )
    (1): Sequential(
      (0): BasicBlock(
        (conv1): Conv2d(64, 128, kernel_size=(5, 5), stride=(2, 2), padding=(2, 2), bias=False)
        (bn1): BatchNorm2d(128, eps=1e-05, momentum=0.1, affine=True, track_running_stats=True)
        (conv2): Conv2d(128, 128, kernel_size=(5, 5), stride=(1, 1), padding=(2, 2), bias=False)
        (bn2): BatchNorm2d(128, eps=1e-05, momentum=0.1, affine=True, track_running_stats=True)
        (shortcut): Sequential(
          (0): Conv2d(64, 128, kernel_size=(3, 3), stride=(2, 2), padding=(1, 1), bias=False)
          (1): BatchNorm2d(128, eps=1e-05, momentum=0.1, affine=True, track_running_stats=True)
        )
      )
    )
    (2): Sequential(
      (0): BasicBlock(
        (conv1): Conv2d(128, 256, kernel_size=(5, 5), stride=(2, 2), padding=(2, 2), bias=False)
        (bn1): BatchNorm2d(256, eps=1e-05, momentum=0.1, affine=True, track_running_stats=True)
        (conv2): Conv2d(256, 256, kernel_size=(5, 5), stride=(1, 1), padding=(2, 2), bias=False)
        (bn2): BatchNorm2d(256, eps=1e-05, momentum=0.1, affine=True, track_running_stats=True)
        (shortcut): Sequential(
          (0): Conv2d(128, 256, kernel_size=(3, 3), stride=(2, 2), padding=(1, 1), bias=False)
          (1): BatchNorm2d(256, eps=1e-05, momentum=0.1, affine=True, track_running_stats=True)
        )
      )
    )
  )
  (linear): Linear(in_features=256, out_features=10, bias=True)
)
Total Parameters:  3857482

Epoch: 0
Saving..

Epoch: 1
Saving..

Epoch: 2
Saving..

Epoch: 3
Saving..

Epoch: 4
Saving..

Epoch: 5
Saving..

Epoch: 6

Epoch: 7

Epoch: 8
Saving..

Epoch: 9

Epoch: 10
Saving..

Epoch: 11

Epoch: 12

Epoch: 13

Epoch: 14
Saving..

Epoch: 15

Epoch: 16

Epoch: 17

Epoch: 18

Epoch: 19

Epoch: 20

Epoch: 21

Epoch: 22

Epoch: 23

Epoch: 24

Epoch: 25

Epoch: 26

Epoch: 27

Epoch: 28

Epoch: 29
Saving..

Epoch: 30

Epoch: 31
Saving..

Epoch: 32

Epoch: 33

Epoch: 34

Epoch: 35

Epoch: 36

Epoch: 37
Saving..

Epoch: 38

Epoch: 39

Epoch: 40

Epoch: 41

Epoch: 42

Epoch: 43

Epoch: 44
Saving..

Epoch: 45

Epoch: 46

Epoch: 47

Epoch: 48

Epoch: 49

Epoch: 50

Epoch: 51

Epoch: 52

Epoch: 53

Epoch: 54

Epoch: 55

Epoch: 56

Epoch: 57

Epoch: 58

Epoch: 59

Epoch: 60

Epoch: 61

Epoch: 62
Saving..

Epoch: 63

Epoch: 64

Epoch: 65

Epoch: 66

Epoch: 67

Epoch: 68

Epoch: 69

Epoch: 70

Epoch: 71

Epoch: 72

Epoch: 73

Epoch: 74

Epoch: 75

Epoch: 76
Saving..

Epoch: 77

Epoch: 78

Epoch: 79

Epoch: 80

Epoch: 81

Epoch: 82

Epoch: 83

Epoch: 84

Epoch: 85

Epoch: 86

Epoch: 87

Epoch: 88

Epoch: 89

Epoch: 90

Epoch: 91

Epoch: 92

Epoch: 93

Epoch: 94

Epoch: 95

Epoch: 96

Epoch: 97

Epoch: 98

Epoch: 99

Epoch: 100

Epoch: 101

Epoch: 102
Saving..

Epoch: 103

Epoch: 104

Epoch: 105

Epoch: 106

Epoch: 107

Epoch: 108

Epoch: 109
Saving..

Epoch: 110

Epoch: 111

Epoch: 112
Saving..

Epoch: 113

Epoch: 114

Epoch: 115

Epoch: 116

Epoch: 117
Saving..

Epoch: 118

Epoch: 119

Epoch: 120

Epoch: 121

Epoch: 122

Epoch: 123
Saving..

Epoch: 124

Epoch: 125

Epoch: 126

Epoch: 127

Epoch: 128

Epoch: 129

Epoch: 130
Saving..

Epoch: 131
Saving..

Epoch: 132

Epoch: 133
Saving..

Epoch: 134

Epoch: 135

Epoch: 136

Epoch: 137

Epoch: 138
Saving..

Epoch: 139

Epoch: 140
Saving..

Epoch: 141
Saving..

Epoch: 142

Epoch: 143

Epoch: 144

Epoch: 145

Epoch: 146

Epoch: 147

Epoch: 148
Saving..

Epoch: 149
Saving..

Epoch: 150

Epoch: 151
Saving..

Epoch: 152

Epoch: 153

Epoch: 154
Saving..

Epoch: 155

Epoch: 156

Epoch: 157
Saving..

Epoch: 158
Saving..

Epoch: 159

Epoch: 160
Saving..

Epoch: 161

Epoch: 162
Saving..

Epoch: 163
Saving..

Epoch: 164

Epoch: 165

Epoch: 166

Epoch: 167

Epoch: 168

Epoch: 169
Saving..

Epoch: 170
Saving..

Epoch: 171
Saving..

Epoch: 172
Saving..

Epoch: 173

Epoch: 174

Epoch: 175

Epoch: 176

Epoch: 177

Epoch: 178

Epoch: 179

Epoch: 180
Saving..

Epoch: 181
Saving..

Epoch: 182

Epoch: 183

Epoch: 184

Epoch: 185

Epoch: 186

Epoch: 187

Epoch: 188

Epoch: 189

Epoch: 190

Epoch: 191

Epoch: 192

Epoch: 193

Epoch: 194

Epoch: 195

Epoch: 196
